<?xml version="1.0" encoding="UTF-8"?>
<testng-results total="2" passed="2" failed="0" skipped="0">
  <reporter-output>
  </reporter-output>
  <suite started-at="2022-03-16T06:10:12Z" name="Default suite" finished-at="2022-03-16T06:10:22Z" duration-ms="10227">
    <groups>
    </groups>
    <test started-at="2022-03-16T06:10:12Z" name="Default test" finished-at="2022-03-16T06:10:22Z" duration-ms="10227">
      <class name="RestTesting.E_commercep">
        <test-method signature="signup()[pri:0, instance:RestTesting.E_commercep@75d2da2d]" started-at="2022-03-16T11:40:12Z" name="signup" finished-at="2022-03-16T11:40:18Z" duration-ms="6038" status="PASS">
          <reporter-output>
          </reporter-output>
        </test-method> <!-- signup -->
        <test-method signature="Login()[pri:1, instance:RestTesting.E_commercep@75d2da2d]" started-at="2022-03-16T11:40:18Z" name="Login" finished-at="2022-03-16T11:40:22Z" duration-ms="4170" status="PASS">
          <reporter-output>
          </reporter-output>
        </test-method> <!-- Login -->
      </class> <!-- RestTesting.E_commercep -->
    </test> <!-- Default test -->
  </suite> <!-- Default suite -->
</testng-results>
